<?xml version="1.0" encoding="UTF-8"?>
<!-- Generated by org.testng.reporters.JUnitReportReporter -->
<testsuite skipped="0" hostname="MSI" name="testng.Flag4" tests="7" failures="0" timestamp="2021-11-09T09:49:10 IST" time="0.016" errors="0">
  <testcase name="g" time="0.001" classname="testng.Flag4"/>
  <system-out>
    <![CDATA[I am from method g]]>
  </system-out>
  <testcase name="c" time="0.002" classname="testng.Flag4"/>
  <system-out>
    <![CDATA[I am from method c]]>
  </system-out>
  <testcase name="b" time="0.010" classname="testng.Flag4"/>
  <system-out>
    <![CDATA[I am from method b]]>
  </system-out>
  <testcase name="e" time="0.001" classname="testng.Flag4"/>
  <system-out>
    <![CDATA[I am from method e]]>
  </system-out>
  <testcase name="d" time="0.000" classname="testng.Flag4"/>
  <system-out>
    <![CDATA[I am from method d]]>
  </system-out>
  <testcase name="f" time="0.001" classname="testng.Flag4"/>
  <system-out>
    <![CDATA[I am from method f]]>
  </system-out>
  <testcase name="a" time="0.001" classname="testng.Flag4"/>
  <system-out>
    <![CDATA[I am from method a]]>
  </system-out>
</testsuite> <!-- testng.Flag4 -->
