<?xml version="1.0" encoding="UTF-8"?>
<!-- Generated by org.testng.reporters.JUnitReportReporter -->
<testsuite skipped="0" hostname="MSI" name="parellelExecution.Class2" tests="1" failures="0" timestamp="2021-11-16T09:31:34 IST" time="16.306" errors="0">
  <testcase name="method2" time="16.306" classname="parellelExecution.Class2"/>
  <system-out/>
</testsuite> <!-- parellelExecution.Class2 -->
