<?xml version="1.0" encoding="UTF-8"?>
<!-- Generated by org.testng.reporters.JUnitReportReporter -->
<testsuite skipped="0" hostname="MSI" name="testng.Memo" tests="1" failures="0" timestamp="2021-11-08T09:31:34 IST" time="0.001" errors="0">
  <testcase name="Logout" time="0.001" classname="testng.Memo"/>
  <system-out/>
</testsuite> <!-- testng.Memo -->
