<?xml version="1.0" encoding="UTF-8"?>
<!-- Generated by org.testng.reporters.JUnitReportReporter -->
<testsuite skipped="0" hostname="MSI" name="testng.Flag43" tests="3" failures="0" timestamp="2021-11-09T10:05:49 IST" time="0.007" errors="0">
  <testcase name="login" time="0.006" classname="testng.Flag43"/>
  <system-out>
    <![CDATA[login to the application]]>
  </system-out>
  <testcase name="logout" time="0.001" classname="testng.Flag43"/>
  <system-out>
    <![CDATA[Logout from the application]]>
  </system-out>
  <testcase name="action" time="0.000" classname="testng.Flag43"/>
  <system-out>
    <![CDATA[Action !!!!]]>
  </system-out>
</testsuite> <!-- testng.Flag43 -->
