<?xml version="1.0" encoding="UTF-8"?>
<!-- Generated by org.testng.reporters.JUnitReportReporter -->
<testsuite skipped="0" hostname="MSI" name="testng.Remo1" tests="2" failures="0" timestamp="2021-11-08T09:16:43 IST" time="0.007" errors="0">
  <testcase name="remo1" time="0.001" classname="testng.Remo1"/>
  <system-out>
    <![CDATA[bye]]>
  </system-out>
  <testcase name="demo123" time="0.006" classname="testng.Remo1"/>
  <system-out>
    <![CDATA[hi]]>
  </system-out>
</testsuite> <!-- testng.Remo1 -->
