<?xml version="1.0" encoding="UTF-8"?>
<!-- Generated by org.testng.reporters.JUnitReportReporter -->
<testsuite skipped="0" hostname="MSI" name="testng.Demo1" tests="2" failures="0" timestamp="2021-11-03T09:42:17 IST" time="0.007" errors="0">
  <testcase name="demo123" time="0.006" classname="testng.Demo1"/>
  <system-out/>
  <testcase name="remo1" time="0.001" classname="testng.Demo1"/>
  <system-out/>
</testsuite> <!-- testng.Demo1 -->
