<?xml version="1.0" encoding="UTF-8"?>
<!-- Generated by org.testng.reporters.JUnitReportReporter -->
<testsuite skipped="0" hostname="MSI" name="testng.Group" tests="6" failures="0" timestamp="2021-11-10T09:04:17 IST" time="0.012" errors="0">
  <testcase name="fT6" time="0.001" classname="testng.Group"/>
  <system-out>
    <![CDATA[im in fT6]]>
  </system-out>
  <testcase name="fT2" time="0.001" classname="testng.Group"/>
  <system-out>
    <![CDATA[im in FT2]]>
  </system-out>
  <testcase name="fT1" time="0.008" classname="testng.Group"/>
  <system-out>
    <![CDATA[im in FT1]]>
  </system-out>
  <testcase name="fT4" time="0.001" classname="testng.Group"/>
  <system-out>
    <![CDATA[im in FT4]]>
  </system-out>
  <testcase name="fT3" time="0.000" classname="testng.Group"/>
  <system-out>
    <![CDATA[im in sT2]]>
  </system-out>
  <testcase name="fT5" time="0.001" classname="testng.Group"/>
  <system-out>
    <![CDATA[im in FT5]]>
  </system-out>
</testsuite> <!-- testng.Group -->
