<?xml version="1.0" encoding="UTF-8"?>
<!-- Generated by org.testng.reporters.JUnitReportReporter -->
<testsuite skipped="0" hostname="MSI" name="TestNGAnnotation.ActiTimeLogin" tests="1" failures="0" timestamp="2021-11-13T10:05:02 IST" time="9.290" errors="0">
  <testcase name="validLogin" time="9.290" classname="TestNGAnnotation.ActiTimeLogin"/>
  <system-out/>
</testsuite> <!-- TestNGAnnotation.ActiTimeLogin -->
