<?xml version="1.0" encoding="UTF-8"?>
<!-- Generated by org.testng.reporters.JUnitReportReporter -->
<testsuite skipped="0" hostname="MSI" name="parellelExecution.ParellelExecutionOfMethods" tests="2" failures="0" timestamp="2021-11-16T09:22:52 IST" time="0.012" errors="0">
  <testcase name="b" time="0.006" classname="parellelExecution.ParellelExecutionOfMethods"/>
  <system-out>
    <![CDATA[method215]]>
  </system-out>
  <testcase name="a" time="0.006" classname="parellelExecution.ParellelExecutionOfMethods"/>
  <system-out>
    <![CDATA[method114]]>
  </system-out>
</testsuite> <!-- parellelExecution.ParellelExecutionOfMethods -->
