<?xml version="1.0" encoding="UTF-8"?>
<!-- Generated by org.testng.reporters.JUnitReportReporter -->
<testsuite skipped="0" hostname="MSI" name="testng.Parameter" tests="2" failures="0" timestamp="2021-11-10T09:52:11 IST" time="15.603" errors="0">
  <testcase name="lunchbrowser" time="9.283" classname="testng.Parameter"/>
  <system-out/>
  <testcase name="lunchbrowser" time="6.320" classname="testng.Parameter"/>
  <system-out/>
</testsuite> <!-- testng.Parameter -->
