<?xml version="1.0" encoding="UTF-8"?>
<!-- Generated by org.testng.reporters.JUnitReportReporter -->
<testsuite skipped="0" hostname="MSI" name="parellelExecution.Class1" tests="1" failures="0" timestamp="2021-11-16T09:31:34 IST" time="16.285" errors="0">
  <testcase name="method1" time="16.285" classname="parellelExecution.Class1"/>
  <system-out/>
</testsuite> <!-- parellelExecution.Class1 -->
