<?xml version="1.0" encoding="UTF-8"?>
<!-- Generated by org.testng.reporters.JUnitReportReporter -->
<testsuite skipped="0" hostname="MSI" name="testng.ActiTime" tests="1" failures="0" timestamp="2021-11-11T10:31:16 IST" time="2.753" errors="0">
  <testcase name="lunchbrowser" time="2.753" classname="testng.ActiTime"/>
  <system-out/>
</testsuite> <!-- testng.ActiTime -->
