<?xml version="1.0" encoding="UTF-8"?>
<!-- Generated by org.testng.reporters.JUnitReportReporter -->
<testsuite skipped="0" hostname="MSI" name="testng.Remo" tests="1" failures="0" timestamp="2021-11-08T09:31:34 IST" time="0.000" errors="0">
  <testcase name="action" time="0.000" classname="testng.Remo"/>
  <system-out/>
</testsuite> <!-- testng.Remo -->
