<?xml version="1.0" encoding="UTF-8"?>
<!-- Generated by org.testng.reporters.JUnitReportReporter -->
<testsuite skipped="0" hostname="MSI" name="testng.Calculator" tests="5" failures="0" timestamp="2021-11-11T10:41:08 IST" time="18.898" errors="0">
  <testcase name="lunchBrowser" time="4.091" classname="testng.Calculator"/>
  <system-out/>
  <testcase name="addition" time="3.487" classname="testng.Calculator"/>
  <system-out>
    <![CDATA[result is: 12 ]]>
  </system-out>
  <testcase name="substraction" time="4.206" classname="testng.Calculator"/>
  <system-out>
    <![CDATA[result is: 2 ]]>
  </system-out>
  <testcase name="multiplication" time="3.529" classname="testng.Calculator"/>
  <system-out>
    <![CDATA[result is: 35 ]]>
  </system-out>
  <testcase name="division" time="3.585" classname="testng.Calculator"/>
  <system-out>
    <![CDATA[result is: 1.4 ]]>
  </system-out>
</testsuite> <!-- testng.Calculator -->
