<?xml version="1.0" encoding="UTF-8"?>
<!-- Generated by org.testng.reporters.JUnitReportReporter -->
<testsuite skipped="0" hostname="MSI" name="parellelExecution.TestBlockParellelExecution" tests="2" failures="0" timestamp="2021-11-16T09:11:19 IST" time="8.789" errors="0">
  <testcase name="validActiTimeLogin" time="2.672" classname="parellelExecution.TestBlockParellelExecution"/>
  <system-out/>
  <testcase name="validActiTimeLogin" time="6.117" classname="parellelExecution.TestBlockParellelExecution"/>
  <system-out/>
</testsuite> <!-- parellelExecution.TestBlockParellelExecution -->
