<?xml version="1.0" encoding="UTF-8"?>
<!-- Generated by org.testng.reporters.JUnitReportReporter -->
<testsuite skipped="0" hostname="MSI" name="parellelExecution.Class3" tests="1" failures="0" timestamp="2021-11-16T09:31:34 IST" time="16.315" errors="0">
  <testcase name="method3" time="16.315" classname="parellelExecution.Class3"/>
  <system-out/>
</testsuite> <!-- parellelExecution.Class3 -->
