<?xml version="1.0" encoding="UTF-8"?>
<!-- Generated by org.testng.reporters.JUnitReportReporter -->
<testsuite skipped="0" hostname="MSI" name="testng.FlagInvocationCount" tests="101" failures="0" timestamp="2021-11-09T09:54:03 IST" time="0.080" errors="0">
  <testcase name="a" time="0.001" classname="testng.FlagInvocationCount"/>
  <system-out>
    <![CDATA[hi I am inconsistent bug]]>
  </system-out>
  <testcase name="a" time="0.001" classname="testng.FlagInvocationCount"/>
  <system-out>
    <![CDATA[hi I am inconsistent bug]]>
  </system-out>
  <testcase name="a" time="0.001" classname="testng.FlagInvocationCount"/>
  <system-out>
    <![CDATA[hi I am inconsistent bug]]>
  </system-out>
  <testcase name="a" time="0.000" classname="testng.FlagInvocationCount"/>
  <system-out>
    <![CDATA[hi I am inconsistent bug]]>
  </system-out>
  <testcase name="a" time="0.001" classname="testng.FlagInvocationCount"/>
  <system-out>
    <![CDATA[hi I am inconsistent bug]]>
  </system-out>
  <testcase name="a" time="0.000" classname="testng.FlagInvocationCount"/>
  <system-out>
    <![CDATA[hi I am inconsistent bug]]>
  </system-out>
  <testcase name="a" time="0.001" classname="testng.FlagInvocationCount"/>
  <system-out>
    <![CDATA[hi I am inconsistent bug]]>
  </system-out>
  <testcase name="a" time="0.001" classname="testng.FlagInvocationCount"/>
  <system-out>
    <![CDATA[hi I am inconsistent bug]]>
  </system-out>
  <testcase name="a" time="0.000" classname="testng.FlagInvocationCount"/>
  <system-out>
    <![CDATA[hi I am inconsistent bug]]>
  </system-out>
  <testcase name="a" time="0.000" classname="testng.FlagInvocationCount"/>
  <system-out>
    <![CDATA[hi I am inconsistent bug]]>
  </system-out>
  <testcase name="a" time="0.001" classname="testng.FlagInvocationCount"/>
  <system-out>
    <![CDATA[hi I am inconsistent bug]]>
  </system-out>
  <testcase name="a" time="0.001" classname="testng.FlagInvocationCount"/>
  <system-out>
    <![CDATA[hi I am inconsistent bug]]>
  </system-out>
  <testcase name="a" time="0.000" classname="testng.FlagInvocationCount"/>
  <system-out>
    <![CDATA[hi I am inconsistent bug]]>
  </system-out>
  <testcase name="a" time="0.000" classname="testng.FlagInvocationCount"/>
  <system-out>
    <![CDATA[hi I am inconsistent bug]]>
  </system-out>
  <testcase name="a" time="0.001" classname="testng.FlagInvocationCount"/>
  <system-out>
    <![CDATA[hi I am inconsistent bug]]>
  </system-out>
  <testcase name="a" time="0.001" classname="testng.FlagInvocationCount"/>
  <system-out>
    <![CDATA[hi I am inconsistent bug]]>
  </system-out>
  <testcase name="a" time="0.001" classname="testng.FlagInvocationCount"/>
  <system-out>
    <![CDATA[hi I am inconsistent bug]]>
  </system-out>
  <testcase name="a" time="0.001" classname="testng.FlagInvocationCount"/>
  <system-out>
    <![CDATA[hi I am inconsistent bug]]>
  </system-out>
  <testcase name="a" time="0.000" classname="testng.FlagInvocationCount"/>
  <system-out>
    <![CDATA[hi I am inconsistent bug]]>
  </system-out>
  <testcase name="a" time="0.000" classname="testng.FlagInvocationCount"/>
  <system-out>
    <![CDATA[hi I am inconsistent bug]]>
  </system-out>
  <testcase name="a" time="0.001" classname="testng.FlagInvocationCount"/>
  <system-out>
    <![CDATA[hi I am inconsistent bug]]>
  </system-out>
  <testcase name="a" time="0.001" classname="testng.FlagInvocationCount"/>
  <system-out>
    <![CDATA[hi I am inconsistent bug]]>
  </system-out>
  <testcase name="a" time="0.001" classname="testng.FlagInvocationCount"/>
  <system-out>
    <![CDATA[hi I am inconsistent bug]]>
  </system-out>
  <testcase name="a" time="0.001" classname="testng.FlagInvocationCount"/>
  <system-out>
    <![CDATA[hi I am inconsistent bug]]>
  </system-out>
  <testcase name="a" time="0.001" classname="testng.FlagInvocationCount"/>
  <system-out>
    <![CDATA[hi I am inconsistent bug]]>
  </system-out>
  <testcase name="a" time="0.001" classname="testng.FlagInvocationCount"/>
  <system-out>
    <![CDATA[hi I am inconsistent bug]]>
  </system-out>
  <testcase name="a" time="0.001" classname="testng.FlagInvocationCount"/>
  <system-out>
    <![CDATA[hi I am inconsistent bug]]>
  </system-out>
  <testcase name="a" time="0.001" classname="testng.FlagInvocationCount"/>
  <system-out>
    <![CDATA[hi I am inconsistent bug]]>
  </system-out>
  <testcase name="a" time="0.002" classname="testng.FlagInvocationCount"/>
  <system-out>
    <![CDATA[hi I am inconsistent bug]]>
  </system-out>
  <testcase name="a" time="0.001" classname="testng.FlagInvocationCount"/>
  <system-out>
    <![CDATA[hi I am inconsistent bug]]>
  </system-out>
  <testcase name="a" time="0.001" classname="testng.FlagInvocationCount"/>
  <system-out>
    <![CDATA[hi I am inconsistent bug]]>
  </system-out>
  <testcase name="a" time="0.000" classname="testng.FlagInvocationCount"/>
  <system-out>
    <![CDATA[hi I am inconsistent bug]]>
  </system-out>
  <testcase name="a" time="0.001" classname="testng.FlagInvocationCount"/>
  <system-out>
    <![CDATA[hi I am inconsistent bug]]>
  </system-out>
  <testcase name="a" time="0.000" classname="testng.FlagInvocationCount"/>
  <system-out>
    <![CDATA[hi I am inconsistent bug]]>
  </system-out>
  <testcase name="a" time="0.000" classname="testng.FlagInvocationCount"/>
  <system-out>
    <![CDATA[hi I am inconsistent bug]]>
  </system-out>
  <testcase name="a" time="0.001" classname="testng.FlagInvocationCount"/>
  <system-out>
    <![CDATA[hi I am inconsistent bug]]>
  </system-out>
  <testcase name="a" time="0.001" classname="testng.FlagInvocationCount"/>
  <system-out>
    <![CDATA[hi I am inconsistent bug]]>
  </system-out>
  <testcase name="a" time="0.001" classname="testng.FlagInvocationCount"/>
  <system-out>
    <![CDATA[hi I am inconsistent bug]]>
  </system-out>
  <testcase name="a" time="0.001" classname="testng.FlagInvocationCount"/>
  <system-out>
    <![CDATA[hi I am inconsistent bug]]>
  </system-out>
  <testcase name="a" time="0.001" classname="testng.FlagInvocationCount"/>
  <system-out>
    <![CDATA[hi I am inconsistent bug]]>
  </system-out>
  <testcase name="a" time="0.000" classname="testng.FlagInvocationCount"/>
  <system-out>
    <![CDATA[hi I am inconsistent bug]]>
  </system-out>
  <testcase name="a" time="0.000" classname="testng.FlagInvocationCount"/>
  <system-out>
    <![CDATA[hi I am inconsistent bug]]>
  </system-out>
  <testcase name="a" time="0.001" classname="testng.FlagInvocationCount"/>
  <system-out>
    <![CDATA[hi I am inconsistent bug]]>
  </system-out>
  <testcase name="a" time="0.001" classname="testng.FlagInvocationCount"/>
  <system-out>
    <![CDATA[hi I am inconsistent bug]]>
  </system-out>
  <testcase name="a" time="0.001" classname="testng.FlagInvocationCount"/>
  <system-out>
    <![CDATA[hi I am inconsistent bug]]>
  </system-out>
  <testcase name="a" time="0.000" classname="testng.FlagInvocationCount"/>
  <system-out>
    <![CDATA[hi I am inconsistent bug]]>
  </system-out>
  <testcase name="a" time="0.001" classname="testng.FlagInvocationCount"/>
  <system-out>
    <![CDATA[hi I am inconsistent bug]]>
  </system-out>
  <testcase name="a" time="0.003" classname="testng.FlagInvocationCount"/>
  <system-out>
    <![CDATA[hi I am inconsistent bug]]>
  </system-out>
  <testcase name="a" time="0.000" classname="testng.FlagInvocationCount"/>
  <system-out>
    <![CDATA[hi I am inconsistent bug]]>
  </system-out>
  <testcase name="a" time="0.001" classname="testng.FlagInvocationCount"/>
  <system-out>
    <![CDATA[hi I am inconsistent bug]]>
  </system-out>
  <testcase name="a" time="0.001" classname="testng.FlagInvocationCount"/>
  <system-out>
    <![CDATA[hi I am inconsistent bug]]>
  </system-out>
  <testcase name="a" time="0.001" classname="testng.FlagInvocationCount"/>
  <system-out>
    <![CDATA[hi I am inconsistent bug]]>
  </system-out>
  <testcase name="a" time="0.000" classname="testng.FlagInvocationCount"/>
  <system-out>
    <![CDATA[hi I am inconsistent bug]]>
  </system-out>
  <testcase name="a" time="0.000" classname="testng.FlagInvocationCount"/>
  <system-out>
    <![CDATA[hi I am inconsistent bug]]>
  </system-out>
  <testcase name="a" time="0.001" classname="testng.FlagInvocationCount"/>
  <system-out>
    <![CDATA[hi I am inconsistent bug]]>
  </system-out>
  <testcase name="a" time="0.000" classname="testng.FlagInvocationCount"/>
  <system-out>
    <![CDATA[hi I am inconsistent bug]]>
  </system-out>
  <testcase name="a" time="0.001" classname="testng.FlagInvocationCount"/>
  <system-out>
    <![CDATA[hi I am inconsistent bug]]>
  </system-out>
  <testcase name="a" time="0.000" classname="testng.FlagInvocationCount"/>
  <system-out>
    <![CDATA[hi I am inconsistent bug]]>
  </system-out>
  <testcase name="a" time="0.001" classname="testng.FlagInvocationCount"/>
  <system-out>
    <![CDATA[hi I am inconsistent bug]]>
  </system-out>
  <testcase name="a" time="0.000" classname="testng.FlagInvocationCount"/>
  <system-out>
    <![CDATA[hi I am inconsistent bug]]>
  </system-out>
  <testcase name="a" time="0.001" classname="testng.FlagInvocationCount"/>
  <system-out>
    <![CDATA[hi I am inconsistent bug]]>
  </system-out>
  <testcase name="a" time="0.001" classname="testng.FlagInvocationCount"/>
  <system-out>
    <![CDATA[hi I am inconsistent bug]]>
  </system-out>
  <testcase name="a" time="0.001" classname="testng.FlagInvocationCount"/>
  <system-out>
    <![CDATA[hi I am inconsistent bug]]>
  </system-out>
  <testcase name="a" time="0.001" classname="testng.FlagInvocationCount"/>
  <system-out>
    <![CDATA[hi I am inconsistent bug]]>
  </system-out>
  <testcase name="a" time="0.000" classname="testng.FlagInvocationCount"/>
  <system-out>
    <![CDATA[hi I am inconsistent bug]]>
  </system-out>
  <testcase name="a" time="0.001" classname="testng.FlagInvocationCount"/>
  <system-out>
    <![CDATA[hi I am inconsistent bug]]>
  </system-out>
  <testcase name="a" time="0.001" classname="testng.FlagInvocationCount"/>
  <system-out>
    <![CDATA[hi I am inconsistent bug]]>
  </system-out>
  <testcase name="a" time="0.001" classname="testng.FlagInvocationCount"/>
  <system-out>
    <![CDATA[hi I am inconsistent bug]]>
  </system-out>
  <testcase name="a" time="0.001" classname="testng.FlagInvocationCount"/>
  <system-out>
    <![CDATA[hi I am inconsistent bug]]>
  </system-out>
  <testcase name="a" time="0.001" classname="testng.FlagInvocationCount"/>
  <system-out>
    <![CDATA[hi I am inconsistent bug]]>
  </system-out>
  <testcase name="a" time="0.000" classname="testng.FlagInvocationCount"/>
  <system-out>
    <![CDATA[hi I am inconsistent bug]]>
  </system-out>
  <testcase name="a" time="0.001" classname="testng.FlagInvocationCount"/>
  <system-out>
    <![CDATA[hi I am inconsistent bug]]>
  </system-out>
  <testcase name="a" time="0.001" classname="testng.FlagInvocationCount"/>
  <system-out>
    <![CDATA[hi I am inconsistent bug]]>
  </system-out>
  <testcase name="a" time="0.001" classname="testng.FlagInvocationCount"/>
  <system-out>
    <![CDATA[hi I am inconsistent bug]]>
  </system-out>
  <testcase name="a" time="0.000" classname="testng.FlagInvocationCount"/>
  <system-out>
    <![CDATA[hi I am inconsistent bug]]>
  </system-out>
  <testcase name="a" time="0.000" classname="testng.FlagInvocationCount"/>
  <system-out>
    <![CDATA[hi I am inconsistent bug]]>
  </system-out>
  <testcase name="a" time="0.001" classname="testng.FlagInvocationCount"/>
  <system-out>
    <![CDATA[hi I am inconsistent bug]]>
  </system-out>
  <testcase name="a" time="0.001" classname="testng.FlagInvocationCount"/>
  <system-out>
    <![CDATA[hi I am inconsistent bug]]>
  </system-out>
  <testcase name="a" time="0.001" classname="testng.FlagInvocationCount"/>
  <system-out>
    <![CDATA[hi I am inconsistent bug]]>
  </system-out>
  <testcase name="a" time="0.000" classname="testng.FlagInvocationCount"/>
  <system-out>
    <![CDATA[hi I am inconsistent bug]]>
  </system-out>
  <testcase name="a" time="0.000" classname="testng.FlagInvocationCount"/>
  <system-out>
    <![CDATA[hi I am inconsistent bug]]>
  </system-out>
  <testcase name="a" time="0.001" classname="testng.FlagInvocationCount"/>
  <system-out>
    <![CDATA[hi I am inconsistent bug]]>
  </system-out>
  <testcase name="a" time="0.000" classname="testng.FlagInvocationCount"/>
  <system-out>
    <![CDATA[hi I am inconsistent bug]]>
  </system-out>
  <testcase name="a" time="0.000" classname="testng.FlagInvocationCount"/>
  <system-out>
    <![CDATA[hi I am inconsistent bug]]>
  </system-out>
  <testcase name="a" time="0.000" classname="testng.FlagInvocationCount"/>
  <system-out>
    <![CDATA[hi I am inconsistent bug]]>
  </system-out>
  <testcase name="a" time="0.001" classname="testng.FlagInvocationCount"/>
  <system-out>
    <![CDATA[hi I am inconsistent bug]]>
  </system-out>
  <testcase name="a" time="0.001" classname="testng.FlagInvocationCount"/>
  <system-out>
    <![CDATA[hi I am inconsistent bug]]>
  </system-out>
  <testcase name="a" time="0.008" classname="testng.FlagInvocationCount"/>
  <system-out>
    <![CDATA[hi I am inconsistent bug]]>
  </system-out>
  <testcase name="a" time="0.001" classname="testng.FlagInvocationCount"/>
  <system-out>
    <![CDATA[hi I am inconsistent bug]]>
  </system-out>
  <testcase name="a" time="0.001" classname="testng.FlagInvocationCount"/>
  <system-out>
    <![CDATA[hi I am inconsistent bug]]>
  </system-out>
  <testcase name="a" time="0.001" classname="testng.FlagInvocationCount"/>
  <system-out>
    <![CDATA[hi I am inconsistent bug]]>
  </system-out>
  <testcase name="a" time="0.001" classname="testng.FlagInvocationCount"/>
  <system-out>
    <![CDATA[hi I am inconsistent bug]]>
  </system-out>
  <testcase name="b" time="0.001" classname="testng.FlagInvocationCount"/>
  <system-out>
    <![CDATA[hi]]>
  </system-out>
  <testcase name="a" time="0.001" classname="testng.FlagInvocationCount"/>
  <system-out>
    <![CDATA[hi I am inconsistent bug]]>
  </system-out>
  <testcase name="a" time="0.000" classname="testng.FlagInvocationCount"/>
  <system-out>
    <![CDATA[hi I am inconsistent bug]]>
  </system-out>
  <testcase name="a" time="0.001" classname="testng.FlagInvocationCount"/>
  <system-out>
    <![CDATA[hi I am inconsistent bug]]>
  </system-out>
  <testcase name="a" time="0.000" classname="testng.FlagInvocationCount"/>
  <system-out>
    <![CDATA[hi I am inconsistent bug]]>
  </system-out>
  <testcase name="a" time="0.001" classname="testng.FlagInvocationCount"/>
  <system-out>
    <![CDATA[hi I am inconsistent bug]]>
  </system-out>
  <testcase name="a" time="0.001" classname="testng.FlagInvocationCount"/>
  <system-out>
    <![CDATA[hi I am inconsistent bug]]>
  </system-out>
  <testcase name="a" time="0.002" classname="testng.FlagInvocationCount"/>
  <system-out>
    <![CDATA[hi I am inconsistent bug]]>
  </system-out>
  <testcase name="a" time="0.000" classname="testng.FlagInvocationCount"/>
  <system-out>
    <![CDATA[hi I am inconsistent bug]]>
  </system-out>
</testsuite> <!-- testng.FlagInvocationCount -->
