<?xml version="1.0" encoding="UTF-8"?>
<!-- Generated by org.testng.reporters.JUnitReportReporter -->
<testsuite skipped="0" hostname="MSI" name="testPackage.TestActiTimeLogout" tests="1" failures="0" timestamp="2021-11-19T09:04:04 IST" time="5.779" errors="0">
  <testcase name="testActiTimeLogout" time="5.779" classname="testPackage.TestActiTimeLogout"/>
  <system-out/>
</testsuite> <!-- testPackage.TestActiTimeLogout -->
