<?xml version="1.0" encoding="UTF-8"?>
<!-- Generated by org.testng.reporters.JUnitReportReporter -->
<testsuite skipped="0" hostname="MSI" name="testPackage.TestActiTimeInvalidLogin" tests="1" failures="0" timestamp="2021-11-19T09:04:04 IST" time="20.129" errors="0">
  <testcase name="actiTimeInvalidLogin" time="20.129" classname="testPackage.TestActiTimeInvalidLogin"/>
  <system-out/>
</testsuite> <!-- testPackage.TestActiTimeInvalidLogin -->
